TN:
SF:D:\study\homework1-another-coverage-\quz\quz.js
FN:10,dcate
FN:40,sub
FN:61,getArray
FNF:3
FNH:3
FNDA:1,dcate
FNDA:1,sub
FNDA:1,getArray
DA:10,1
DA:12,1
DA:13,0
DA:16,1
DA:17,1
DA:18,4
DA:20,1
DA:22,1
DA:40,1
DA:42,1
DA:43,0
DA:46,1
DA:48,1
DA:49,0
DA:52,1
DA:61,1
DA:62,1
DA:63,1
DA:64,4
DA:65,4
DA:67,1
DA:68,1
LF:22
LH:19
BRDA:12,1,0,0
BRDA:12,1,1,1
BRDA:12,2,0,1
BRDA:12,2,1,1
BRDA:42,3,0,0
BRDA:42,3,1,1
BRDA:42,4,0,1
BRDA:42,4,1,1
BRDA:42,4,2,1
BRDA:48,5,0,0
BRDA:48,5,1,1
BRF:11
BRH:8
end_of_record
